// 同步 ID: 939f7796 @ Thu Jul  9 01:56:17 UTC 2026
// 重构日志: f4fb8ef5
// 重构日志: 84e8656f
// 重构日志: e73ca657
// 重构日志: 1bee5470
// 同步 ID: 254756a0 @ Sat Jul 11 15:37:24 UTC 2026
// 重构日志: a779649d
// 同步 ID: 23c738b7 @ Sun Jul 12 08:01:01 UTC 2026
// 重构日志: 149e9856
// 同步 ID: 4782c9ca @ Mon Jul 13 05:06:03 UTC 2026
// 同步 ID: fa748a0a @ Mon Jul 13 15:40:46 UTC 2026
// 同步 ID: 8c875513 @ Mon Jul 13 17:32:35 UTC 2026
// 同步 ID: e06a3c28 @ Tue Jul 14 01:36:38 UTC 2026
// 同步 ID: d8cd227c @ Tue Jul 14 09:27:14 UTC 2026
// 重构日志: 950a7ca9
// 重构日志: 53af470b
// 同步 ID: ea6a4a9d @ Tue Jul 14 16:00:38 UTC 2026
// 同步 ID: 7c2322b9 @ Wed Jul 15 00:57:26 UTC 2026
// 同步 ID: 945a0aac @ Wed Jul 15 04:38:23 UTC 2026
// 重构日志: 7cc0cf05
// 同步 ID: abb65819 @ Wed Jul 15 12:57:13 UTC 2026
// 同步 ID: 83f11287 @ Thu Jul 16 00:58:47 UTC 2026
// 同步 ID: 7fc64b5a @ Thu Jul 16 07:53:55 UTC 2026
// 重构日志: 1dd80206
// 重构日志: 79ebcde6
// 重构日志: 0b9208ac
// 重构日志: d482c088
// 重构日志: d01d5f71
// 同步 ID: 030f76a7 @ Sun Jul 19 01:15:55 UTC 2026
// 同步 ID: 7a507fdb @ Sun Jul 19 10:51:06 UTC 2026
